<?xml version="1.0" encoding="UTF-8"?>
<testng-results skipped="0" failed="0" ignored="0" total="1" passed="1">
  <reporter-output>
  </reporter-output>
  <suite name="Suite" duration-ms="37337" started-at="2021-05-30T15:23:34Z" finished-at="2021-05-30T15:24:11Z">
    <groups>
      <group name="cucumber">
        <method signature="AbstractTestNGCucumberTests.runScenario(io.cucumber.testng.PickleWrapper, io.cucumber.testng.FeatureWrapper)[pri:0, instance:runners.Runner@56ef9176]" name="runScenario" class="io.cucumber.testng.AbstractTestNGCucumberTests"/>
      </group> <!-- cucumber -->
    </groups>
    <test name="Test" duration-ms="37337" started-at="2021-05-30T15:23:34Z" finished-at="2021-05-30T15:24:11Z">
      <class name="runners.Runner">
        <test-method status="PASS" signature="setUpClass()[pri:0, instance:runners.Runner@56ef9176]" name="setUpClass" is-config="true" duration-ms="509" started-at="2021-05-30T15:23:34Z" finished-at="2021-05-30T15:23:35Z">
          <reporter-output>
          </reporter-output>
        </test-method> <!-- setUpClass -->
        <test-method status="PASS" signature="runScenario(io.cucumber.testng.PickleWrapper, io.cucumber.testng.FeatureWrapper)[pri:0, instance:runners.Runner@56ef9176]" name="runScenario" duration-ms="36700" started-at="2021-05-30T15:23:35Z" description="Runs Cucumber Scenarios" data-provider="scenarios" finished-at="2021-05-30T15:24:11Z">
          <params>
            <param index="0">
              <value>
                <![CDATA["Navigate to URL and Validate Login page"]]>
              </value>
            </param>
            <param index="1">
              <value>
                <![CDATA["Optional[Order creation in Demo Web Shop]"]]>
              </value>
            </param>
          </params>
          <reporter-output>
          </reporter-output>
        </test-method> <!-- runScenario -->
        <test-method status="PASS" signature="tearDownClass()[pri:0, instance:runners.Runner@56ef9176]" name="tearDownClass" is-config="true" duration-ms="114" started-at="2021-05-30T15:24:11Z" finished-at="2021-05-30T15:24:11Z">
          <reporter-output>
          </reporter-output>
        </test-method> <!-- tearDownClass -->
      </class> <!-- runners.Runner -->
    </test> <!-- Test -->
  </suite> <!-- Suite -->
</testng-results>
